Line 15: Class IRRIG.GPainel of control Painel was not a loaded control class.
Line 33: Class IRRIG.GPainel of control Painel was not a loaded control class.
Line 51: Class IRRIG.GBotao of control Botao was not a loaded control class.
Line 78: Class IRRIG.GBotao of control Botao was not a loaded control class.
Line 105: Class IRRIG.GBotao of control Botao was not a loaded control class.
Line 132: Class IRRIG.GBotao of control Botao was not a loaded control class.
Line 159: Class IRRIG.GBotao of control Botao was not a loaded control class.
Line 186: Class IRRIG.GBotao of control Botao was not a loaded control class.
Line 17: The property name BevelOuter in Painel is invalid.
Line 18: The property name BevelInner in Painel is invalid.
Line 19: The property name BorderWidth in Painel is invalid.
Line 20: The property name BevelWidth in Painel is invalid.
Line 22: The property name Stretch in Painel is invalid.
Line 23: The property name Stripes in Painel is invalid.
Line 24: The property name SaveGridBars in Painel is invalid.
Line 30: The property name _extentx in Painel is invalid.
Line 31: The property name _extenty in Painel is invalid.
Line 15: Property BorderStyle in Painel could not be set.
Line 35: The property name BevelOuter in Painel is invalid.
Line 36: The property name BevelInner in Painel is invalid.
Line 37: The property name BorderWidth in Painel is invalid.
Line 38: The property name BevelWidth in Painel is invalid.
Line 40: The property name Stretch in Painel is invalid.
Line 41: The property name Stripes in Painel is invalid.
Line 42: The property name SaveGridBars in Painel is invalid.
Line 48: The property name _extentx in Painel is invalid.
Line 49: The property name _extenty in Painel is invalid.
Line 52: The property name ButtonStyle in Botao is invalid.
Line 53: The property name JoinSeparators in Botao is invalid.
Line 54: The property name LeftSeparator in Botao is invalid.
Line 55: The property name TopSeparator in Botao is invalid.
Line 58: The property name ButtonType in Botao is invalid.
Line 63: The property name CaptionAlign in Botao is invalid.
Line 64: The property name CaptionOffset in Botao is invalid.
Line 75: The property name Caption in Botao is invalid.
Line 79: The property name ButtonStyle in Botao is invalid.
Line 80: The property name JoinSeparators in Botao is invalid.
Line 81: The property name LeftSeparator in Botao is invalid.
Line 82: The property name TopSeparator in Botao is invalid.
Line 85: The property name ButtonType in Botao is invalid.
Line 90: The property name CaptionAlign in Botao is invalid.
Line 91: The property name CaptionOffset in Botao is invalid.
Line 102: The property name Caption in Botao is invalid.
Line 106: The property name ButtonStyle in Botao is invalid.
Line 107: The property name JoinSeparators in Botao is invalid.
Line 108: The property name LeftSeparator in Botao is invalid.
Line 109: The property name TopSeparator in Botao is invalid.
Line 112: The property name ButtonType in Botao is invalid.
Line 117: The property name CaptionAlign in Botao is invalid.
Line 118: The property name CaptionOffset in Botao is invalid.
Line 129: The property name Caption in Botao is invalid.
Line 133: The property name ButtonStyle in Botao is invalid.
Line 134: The property name JoinSeparators in Botao is invalid.
Line 135: The property name LeftSeparator in Botao is invalid.
Line 136: The property name TopSeparator in Botao is invalid.
Line 139: The property name ButtonType in Botao is invalid.
Line 144: The property name CaptionAlign in Botao is invalid.
Line 145: The property name CaptionOffset in Botao is invalid.
Line 156: The property name Caption in Botao is invalid.
Line 160: The property name ButtonStyle in Botao is invalid.
Line 161: The property name JoinSeparators in Botao is invalid.
Line 162: The property name LeftSeparator in Botao is invalid.
Line 163: The property name TopSeparator in Botao is invalid.
Line 166: The property name ButtonType in Botao is invalid.
Line 171: The property name CaptionAlign in Botao is invalid.
Line 172: The property name CaptionOffset in Botao is invalid.
Line 183: The property name Caption in Botao is invalid.
Line 187: The property name ButtonStyle in Botao is invalid.
Line 188: The property name JoinSeparators in Botao is invalid.
Line 189: The property name LeftSeparator in Botao is invalid.
Line 190: The property name TopSeparator in Botao is invalid.
Line 193: The property name ButtonType in Botao is invalid.
Line 198: The property name CaptionAlign in Botao is invalid.
Line 199: The property name CaptionOffset in Botao is invalid.
Line 210: The property name Caption in Botao is invalid.
